<?xml version="1.0" encoding="UTF-8" ?>
<testsuite tests="1" failures="0" name="org.mycompany.ProducerRouteTest" time="4.002" errors="1" skipped="0">
  <properties>
[...]
</properties>
  <testcase classname="org.mycompany.ProducerRouteTest" name="testSendFilesWithJMSGroupIDAndSequence" time="4.002">
    <error message="Exception occurred during execution on the exchange: Exchange[ID-pvergilislap-1539819630659-0-1]" type="org.apache.camel.CamelExecutionException">org.apache.camel.CamelExecutionException: Exception occurred during execution on the exchange: Exchange[ID-pvergilislap-1539819630659-0-1]
	at org.apache.camel.util.ObjectHelper.wrapCamelExecutionException(ObjectHelper.java:1846)
	at org.apache.camel.util.ExchangeHelper.extractResultBody(ExchangeHelper.java:713)
	at org.apache.camel.impl.DefaultProducerTemplate.extractResultBody(DefaultProducerTemplate.java:515)
	at org.apache.camel.impl.DefaultProducerTemplate.extractResultBody(DefaultProducerTemplate.java:511)
	at org.apache.camel.impl.DefaultProducerTemplate.sendBody(DefaultProducerTemplate.java:163)
	at org.apache.camel.impl.DefaultProducerTemplate.sendBody(DefaultProducerTemplate.java:168)
	at org.mycompany.ProducerRouteTest.testSendFilesWithJMSGroupIDAndSequence(ProducerRouteTest.java:57)
	at sun.reflect.NativeMethodAccessorImpl.invoke0(Native Method)
	at sun.reflect.NativeMethodAccessorImpl.invoke(NativeMethodAccessorImpl.java:62)
	at sun.reflect.DelegatingMethodAccessorImpl.invoke(DelegatingMethodAccessorImpl.java:43)
	at java.lang.reflect.Method.invoke(Method.java:498)
	at org.junit.runners.model.FrameworkMethod$1.runReflectiveCall(FrameworkMethod.java:50)
	at org.junit.internal.runners.model.ReflectiveCallable.run(ReflectiveCallable.java:12)
	at org.junit.runners.model.FrameworkMethod.invokeExplosively(FrameworkMethod.java:47)
	at org.junit.internal.runners.statements.InvokeMethod.evaluate(InvokeMethod.java:17)
	at org.junit.internal.runners.statements.RunBefores.evaluate(RunBefores.java:26)
	at org.springframework.test.context.junit4.statements.RunBeforeTestMethodCallbacks.evaluate(RunBeforeTestMethodCallbacks.java:75)
	at org.junit.internal.runners.statements.RunAfters.evaluate(RunAfters.java:27)
	at org.springframework.test.context.junit4.statements.RunAfterTestMethodCallbacks.evaluate(RunAfterTestMethodCallbacks.java:86)
	at org.junit.rules.TestWatcher$1.evaluate(TestWatcher.java:55)
	at org.junit.rules.TestWatcher$1.evaluate(TestWatcher.java:55)
	at org.junit.rules.RunRules.evaluate(RunRules.java:20)
	at org.springframework.test.context.junit4.statements.SpringRepeat.evaluate(SpringRepeat.java:84)
	at org.junit.runners.ParentRunner.runLeaf(ParentRunner.java:325)
	at org.springframework.test.context.junit4.SpringJUnit4ClassRunner.runChild(SpringJUnit4ClassRunner.java:252)
	at org.springframework.test.context.junit4.SpringJUnit4ClassRunner.runChild(SpringJUnit4ClassRunner.java:94)
	at org.junit.runners.ParentRunner$3.run(ParentRunner.java:290)
	at org.junit.runners.ParentRunner$1.schedule(ParentRunner.java:71)
	at org.junit.runners.ParentRunner.runChildren(ParentRunner.java:288)
	at org.junit.runners.ParentRunner.access$000(ParentRunner.java:58)
	at org.junit.runners.ParentRunner$2.evaluate(ParentRunner.java:268)
	at org.springframework.test.context.junit4.statements.RunBeforeTestClassCallbacks.evaluate(RunBeforeTestClassCallbacks.java:61)
	at org.junit.internal.runners.statements.RunAfters.evaluate(RunAfters.java:27)
	at org.springframework.test.context.junit4.statements.RunAfterTestClassCallbacks.evaluate(RunAfterTestClassCallbacks.java:70)
	at org.junit.runners.ParentRunner.run(ParentRunner.java:363)
	at org.springframework.test.context.junit4.SpringJUnit4ClassRunner.run(SpringJUnit4ClassRunner.java:191)
	at org.apache.maven.surefire.junit4.JUnit4Provider.execute(JUnit4Provider.java:252)
	at org.apache.maven.surefire.junit4.JUnit4Provider.executeTestSet(JUnit4Provider.java:141)
	at org.apache.maven.surefire.junit4.JUnit4Provider.invoke(JUnit4Provider.java:112)
	at sun.reflect.NativeMethodAccessorImpl.invoke0(Native Method)
	at sun.reflect.NativeMethodAccessorImpl.invoke(NativeMethodAccessorImpl.java:62)
	at sun.reflect.DelegatingMethodAccessorImpl.invoke(DelegatingMethodAccessorImpl.java:43)
	at java.lang.reflect.Method.invoke(Method.java:498)
	at org.apache.maven.surefire.util.ReflectionUtils.invokeMethodWithArray(ReflectionUtils.java:189)
	at org.apache.maven.surefire.booter.ProviderFactory$ProviderProxy.invoke(ProviderFactory.java:165)
	at org.apache.maven.surefire.booter.ProviderFactory.invokeProvider(ProviderFactory.java:85)
	at org.apache.maven.surefire.booter.ForkedBooter.runSuitesInProcess(ForkedBooter.java:115)
	at org.apache.maven.surefire.booter.ForkedBooter.main(ForkedBooter.java:75)
Caused by: javax.xml.bind.UnmarshalException
 - with linked exception:
[org.xml.sax.SAXParseException; lineNumber: 1; columnNumber: 1; Premature end of file.]
	at javax.xml.bind.helpers.AbstractUnmarshallerImpl.createUnmarshalException(AbstractUnmarshallerImpl.java:335)
	at com.sun.xml.bind.v2.runtime.unmarshaller.UnmarshallerImpl.createUnmarshalException(UnmarshallerImpl.java:578)
	at com.sun.xml.bind.v2.runtime.unmarshaller.UnmarshallerImpl.unmarshal0(UnmarshallerImpl.java:264)
	at com.sun.xml.bind.v2.runtime.unmarshaller.UnmarshallerImpl.unmarshal(UnmarshallerImpl.java:229)
	at javax.xml.bind.helpers.AbstractUnmarshallerImpl.unmarshal(AbstractUnmarshallerImpl.java:157)
	at javax.xml.bind.helpers.AbstractUnmarshallerImpl.unmarshal(AbstractUnmarshallerImpl.java:125)
	at org.mycompany.ParseXMLtoObject.xmlToObject(ParseXMLtoObject.java:51)
	at org.mycompany.ParseXMLtoObject.process(ParseXMLtoObject.java:36)
	at org.apache.camel.processor.DelegateSyncProcessor.process(DelegateSyncProcessor.java:63)
	at org.apache.camel.processor.RedeliveryErrorHandler.process(RedeliveryErrorHandler.java:548)
	at org.apache.camel.processor.CamelInternalProcessor.process(CamelInternalProcessor.java:201)
	at org.apache.camel.processor.Pipeline.process(Pipeline.java:138)
	at org.apache.camel.processor.Pipeline.process(Pipeline.java:101)
	at org.apache.camel.processor.CamelInternalProcessor.process(CamelInternalProcessor.java:201)
	at org.apache.camel.component.direct.DirectBlockingProducer.process(DirectBlockingProducer.java:53)
	at org.apache.camel.impl.InterceptSendToEndpointProcessor.process(InterceptSendToEndpointProcessor.java:112)
	at org.apache.camel.processor.SharedCamelInternalProcessor.process(SharedCamelInternalProcessor.java:186)
	at org.apache.camel.processor.SharedCamelInternalProcessor.process(SharedCamelInternalProcessor.java:86)
	at org.apache.camel.impl.ProducerCache$1.doInProducer(ProducerCache.java:541)
	at org.apache.camel.impl.ProducerCache$1.doInProducer(ProducerCache.java:506)
	at org.apache.camel.impl.ProducerCache.doInProducer(ProducerCache.java:369)
	at org.apache.camel.impl.ProducerCache.sendExchange(ProducerCache.java:506)
	at org.apache.camel.impl.ProducerCache.send(ProducerCache.java:229)
	at org.apache.camel.impl.DefaultProducerTemplate.send(DefaultProducerTemplate.java:144)
	at org.apache.camel.impl.DefaultProducerTemplate.sendBody(DefaultProducerTemplate.java:161)
	... 43 more
Caused by: org.xml.sax.SAXParseException; lineNumber: 1; columnNumber: 1; Premature end of file.
	at com.sun.org.apache.xerces.internal.util.ErrorHandlerWrapper.createSAXParseException(ErrorHandlerWrapper.java:203)
	at com.sun.org.apache.xerces.internal.util.ErrorHandlerWrapper.fatalError(ErrorHandlerWrapper.java:177)
	at com.sun.org.apache.xerces.internal.impl.XMLErrorReporter.reportError(XMLErrorReporter.java:400)
	at com.sun.org.apache.xerces.internal.impl.XMLErrorReporter.reportError(XMLErrorReporter.java:327)
	at com.sun.org.apache.xerces.internal.impl.XMLScanner.reportFatalError(XMLScanner.java:1472)
	at com.sun.org.apache.xerces.internal.impl.XMLDocumentScannerImpl$PrologDriver.next(XMLDocumentScannerImpl.java:1014)
	at com.sun.org.apache.xerces.internal.impl.XMLDocumentScannerImpl.next(XMLDocumentScannerImpl.java:602)
	at com.sun.org.apache.xerces.internal.impl.XMLNSDocumentScannerImpl.next(XMLNSDocumentScannerImpl.java:112)
	at com.sun.org.apache.xerces.internal.impl.XMLDocumentFragmentScannerImpl.scanDocument(XMLDocumentFragmentScannerImpl.java:505)
	at com.sun.org.apache.xerces.internal.parsers.XML11Configuration.parse(XML11Configuration.java:842)
	at com.sun.org.apache.xerces.internal.parsers.XML11Configuration.parse(XML11Configuration.java:771)
	at com.sun.org.apache.xerces.internal.parsers.XMLParser.parse(XMLParser.java:141)
	at com.sun.org.apache.xerces.internal.parsers.AbstractSAXParser.parse(AbstractSAXParser.java:1213)
	at com.sun.org.apache.xerces.internal.jaxp.SAXParserImpl$JAXPSAXParser.parse(SAXParserImpl.java:643)
	at com.sun.xml.bind.v2.runtime.unmarshaller.UnmarshallerImpl.unmarshal0(UnmarshallerImpl.java:258)
	... 65 more
</error>
    <system-out>19:40:27.031 [main] INFO  o.s.b.t.c.SpringBootTestContextBootstrapper - Neither @ContextConfiguration nor @ContextHierarchy found for test class [org.mycompany.ProducerRouteTest], using SpringBootContextLoader
19:40:27.038 [main] INFO  o.s.t.c.s.AbstractContextLoader - Could not detect default resource locations for test class [org.mycompany.ProducerRouteTest]: no resource found for suffixes {-context.xml, Context.groovy}.
19:40:27.140 [main] INFO  o.s.b.t.c.SpringBootTestContextBootstrapper - Loaded default TestExecutionListener class names from location [META-INF/spring.factories]: [org.springframework.boot.test.mock.mockito.MockitoTestExecutionListener, org.springframework.boot.test.mock.mockito.ResetMocksTestExecutionListener, org.springframework.boot.test.autoconfigure.restdocs.RestDocsTestExecutionListener, org.springframework.boot.test.autoconfigure.web.client.MockRestServiceServerResetTestExecutionListener, org.springframework.boot.test.autoconfigure.web.servlet.MockMvcPrintOnlyOnFailureTestExecutionListener, org.springframework.boot.test.autoconfigure.web.servlet.WebDriverTestExecutionListener, org.springframework.test.context.web.ServletTestExecutionListener, org.springframework.test.context.support.DirtiesContextBeforeModesTestExecutionListener, org.springframework.test.context.support.DependencyInjectionTestExecutionListener, org.springframework.test.context.support.DirtiesContextTestExecutionListener, org.springframework.test.context.transaction.TransactionalTestExecutionListener, org.springframework.test.context.jdbc.SqlScriptsTestExecutionListener]
19:40:27.165 [main] INFO  o.s.b.t.c.SpringBootTestContextBootstrapper - Using TestExecutionListeners: [org.springframework.test.context.web.ServletTestExecutionListener@7ce3cb8e, org.springframework.test.context.support.DirtiesContextBeforeModesTestExecutionListener@78b66d36, org.springframework.boot.test.mock.mockito.MockitoTestExecutionListener@5223e5ee, org.springframework.boot.test.autoconfigure.SpringBootDependencyInjectionTestExecutionListener@bef2d72, org.springframework.test.context.support.DirtiesContextTestExecutionListener@69b2283a, org.springframework.test.context.transaction.TransactionalTestExecutionListener@22a637e7, org.springframework.test.context.jdbc.SqlScriptsTestExecutionListener@6fe7aac8, org.springframework.boot.test.mock.mockito.ResetMocksTestExecutionListener@1d119efb, org.springframework.boot.test.autoconfigure.restdocs.RestDocsTestExecutionListener@659a969b, org.springframework.boot.test.autoconfigure.web.client.MockRestServiceServerResetTestExecutionListener@76908cc0, org.springframework.boot.test.autoconfigure.web.servlet.MockMvcPrintOnlyOnFailureTestExecutionListener@2473d930, org.springframework.boot.test.autoconfigure.web.servlet.WebDriverTestExecutionListener@35047d03]
19:40:27.175 [main] INFO  o.a.c.t.s.CamelSpringBootExecutionListener - @RunWith(CamelSpringBootRunner.class) preparing: class org.mycompany.ProducerRouteTest

  .   ____          _            __ _ _
 /\\ / ___&apos;_ __ _ _(_)_ __  __ _ \ \ \ \
( ( )\___ | &apos;_ | &apos;_| | &apos;_ \/ _` | \ \ \ \
 \\/  ___)| |_)| | | | | || (_| |  ) ) ) )
  &apos;  |____| .__|_| |_|_| |_\__, | / / / /
 =========|_|==============|___/=/_/_/_/
 :: Spring Boot ::       (v1.5.13.RELEASE)

19:40:27.568 [main] INFO  org.mycompany.ProducerRouteTest - Starting ProducerRouteTest on pvergilislap with PID 10004 (started by pvergilis in C:\POC\fuse-poc-latest-Sequence-1\SequenceSource)
19:40:27.568 [main] INFO  org.mycompany.ProducerRouteTest - No active profile set, falling back to default profiles: default
19:40:27.618 [main] INFO  o.s.w.c.s.GenericWebApplicationContext - Refreshing org.springframework.web.context.support.GenericWebApplicationContext@1ed4ae0f: startup date [Wed Oct 17 19:40:27 EDT 2018]; root of context hierarchy
19:40:28.106 [background-preinit] INFO  o.h.validator.internal.util.Version - HV000001: Hibernate Validator 5.3.5.Final-redhat-2
19:40:29.259 [main] INFO  o.s.b.f.a.AutowiredAnnotationBeanPostProcessor - JSR-330 &apos;javax.inject.Inject&apos; annotation found and supported for autowiring
19:40:29.387 [main] INFO  o.s.c.s.PostProcessorRegistrationDelegate$BeanPostProcessorChecker - Bean &apos;org.apache.camel.spring.boot.CamelAutoConfiguration&apos; of type [org.apache.camel.spring.boot.CamelAutoConfiguration$$EnhancerBySpringCGLIB$$11a84d97] is not eligible for getting processed by all BeanPostProcessors (for example: not eligible for auto-proxying)
19:40:30.167 [main] INFO  o.s.w.s.m.m.a.RequestMappingHandlerAdapter - Looking for @ControllerAdvice: org.springframework.web.context.support.GenericWebApplicationContext@1ed4ae0f: startup date [Wed Oct 17 19:40:27 EDT 2018]; root of context hierarchy
19:40:30.264 [main] INFO  o.s.w.s.m.m.a.RequestMappingHandlerMapping - Mapped &quot;{[/error]}&quot; onto public org.springframework.http.ResponseEntity&lt;java.util.Map&lt;java.lang.String, java.lang.Object&gt;&gt; org.springframework.boot.autoconfigure.web.BasicErrorController.error(javax.servlet.http.HttpServletRequest)
19:40:30.266 [main] INFO  o.s.w.s.m.m.a.RequestMappingHandlerMapping - Mapped &quot;{[/error],produces=[text/html]}&quot; onto public org.springframework.web.servlet.ModelAndView org.springframework.boot.autoconfigure.web.BasicErrorController.errorHtml(javax.servlet.http.HttpServletRequest,javax.servlet.http.HttpServletResponse)
19:40:30.321 [main] INFO  o.s.w.s.h.SimpleUrlHandlerMapping - Mapped URL path [/webjars/**] onto handler of type [class org.springframework.web.servlet.resource.ResourceHttpRequestHandler]
19:40:30.321 [main] INFO  o.s.w.s.h.SimpleUrlHandlerMapping - Mapped URL path [/**] onto handler of type [class org.springframework.web.servlet.resource.ResourceHttpRequestHandler]
19:40:30.394 [main] INFO  o.s.w.s.h.SimpleUrlHandlerMapping - Mapped URL path [/**/favicon.ico] onto handler of type [class org.springframework.web.servlet.resource.ResourceHttpRequestHandler]
19:40:30.916 [main] INFO  o.a.c.i.c.DefaultTypeConverter - Type converters loaded (core: 194, classpath: 4)
19:40:32.405 [main] WARN  o.s.b.a.a.EndpointWebMvcAutoConfiguration - Could not start embedded management container on different port (management endpoints are still available through JMX)
19:40:32.408 [main] INFO  o.s.c.s.DefaultLifecycleProcessor - Starting beans in phase 2147483647
19:40:32.468 [main] INFO  o.a.c.spring.boot.RoutesCollector - Loading additional Camel XML routes from: classpath:camel/*.xml
19:40:32.468 [main] INFO  o.a.c.spring.boot.RoutesCollector - Loading additional Camel XML rests from: classpath:camel-rest/*.xml
19:40:32.486 [main] INFO  org.mycompany.ProducerRouteTest - Started ProducerRouteTest in 5.191 seconds (JVM running for 6.428)
19:40:32.495 [main] INFO  o.a.c.t.s.CamelAnnotationsHandler - Setting shutdown timeout to [10 SECONDS] on CamelContext with name [camelContext].
19:40:32.495 [main] INFO  o.a.c.t.s.CamelAnnotationsHandler - Enabling auto mocking of endpoints matching pattern [*] on CamelContext with name [camelContext].
19:40:32.538 [main] INFO  o.a.c.t.s.CamelSpringBootExecutionListener - @RunWith(CamelSpringBootRunner.class) before: class org.mycompany.ProducerRouteTest.testSendFilesWithJMSGroupIDAndSequence
19:40:32.539 [main] INFO  o.a.c.t.s.CamelSpringBootExecutionListener - Initialized CamelSpringBootRunner now ready to start CamelContext
19:40:32.540 [main] INFO  o.a.c.t.s.CamelAnnotationsHandler - Skipping starting CamelContext(s) as UseAdviceWith annotation was found and isUseAdviceWith is set to true.
19:40:32.570 [main] INFO  org.mycompany.ProducerRouteTest - ********************************************************************************
19:40:32.570 [main] INFO  org.mycompany.ProducerRouteTest - Testing: testSendFilesWithJMSGroupIDAndSequence(org.mycompany.ProducerRouteTest)
19:40:32.570 [main] INFO  org.mycompany.ProducerRouteTest - ********************************************************************************
19:40:32.592 [main] INFO  o.a.camel.impl.DefaultCamelContext - Apache Camel 2.21.0.fuse-710018-redhat-00001 (CamelContext: camel-2) is starting
19:40:32.593 [main] INFO  o.a.c.m.DefaultManagementStrategy - JMX is disabled
19:40:32.598 [main] INFO  o.a.c.i.c.DefaultTypeConverter - Type converters loaded (core: 194, classpath: 4)
19:40:32.603 [main] INFO  o.a.camel.impl.DefaultCamelContext - StreamCaching is not in use. If using streams then its recommended to enable stream caching. See more details at http://camel.apache.org/stream-caching.html
19:40:32.605 [main] INFO  o.a.camel.impl.DefaultCamelContext - Total 0 routes, of which 0 are started
19:40:32.606 [main] INFO  o.a.camel.impl.DefaultCamelContext - Apache Camel 2.21.0.fuse-710018-redhat-00001 (CamelContext: camel-2) started in 0.014 seconds
19:40:33.304 [main] INFO  o.a.camel.builder.AdviceWithTasks - AdviceWith replace input from [file:/home/ec2-user/SequenceMessage/inbox] --&gt; [direct:start]
19:40:33.306 [main] INFO  o.a.camel.builder.AdviceWithTasks - AdviceWith (jms:*) : [To[jms:RH.POC.SOURCE.SEQUENCE.REQ]] --&gt; replace [pipeline -&gt; [[To[mock:jms]]]]
19:40:33.306 [main] INFO  o.a.camel.builder.AdviceWithTasks - AdviceWith (jms:*) : [To[jms:topic:RH.POC.SOURCE.SEQUENCE.REQ]] --&gt; replace [pipeline -&gt; [[To[mock:jms]]]]
19:40:33.308 [main] INFO  o.apache.camel.model.RouteDefinition - AdviceWith route after: Route(producerRoute1)[[From[direct:start]] -&gt; [SetHeader[service, simple{Simple: producerRoute}], Log[Step 1 - Received in route and routing to JAXB bean], Log[*** UNMARSHAL ${body} ***], process[Processor@0x9cb927e], Log[*** BODY AFTER UNMARSHAL ${body} ***], Log[Step 2 - Received cim messages from JAXB bean], SetHeader[JMSXGroupID, constant{Group 1}], process[Processor@0x8585cdd], Log[Step 3 - Sending cim messages to queue], Multicast[[pipeline -&gt; [[To[mock:jms]]], pipeline -&gt; [[To[mock:jms]]], Log[**************Camel route Completed*************]]]]]
19:40:33.459 [main] INFO  o.apache.camel.model.RouteDefinition - Adviced route before/after as XML:
&lt;?xml version=&quot;1.0&quot; encoding=&quot;UTF-8&quot; standalone=&quot;yes&quot;?&gt;
&lt;route xmlns=&quot;http://camel.apache.org/schema/spring&quot; customId=&quot;true&quot; id=&quot;producerRoute1&quot;&gt;
    &lt;description&gt;Producer Route Sequencing POC&lt;/description&gt;
    &lt;from uri=&quot;file:/home/ec2-user/SequenceMessage/inbox&quot;/&gt;
    &lt;setHeader headerName=&quot;service&quot;&gt;
        &lt;simple&gt;producerRoute&lt;/simple&gt;
    &lt;/setHeader&gt;
    &lt;log loggingLevel=&quot;INFO&quot; message=&quot;Step 1 - Received in route and routing to JAXB bean&quot;/&gt;
    &lt;log customId=&quot;true&quot; id=&quot;LOG_PAYLOAD&quot; loggingLevel=&quot;INFO&quot; message=&quot;*** UNMARSHAL ${body} ***&quot;/&gt;
    &lt;process customId=&quot;true&quot; id=&quot;transform&quot;/&gt;
    &lt;log customId=&quot;true&quot; id=&quot;LOG_PAYLOAD&quot; loggingLevel=&quot;INFO&quot; message=&quot;*** BODY AFTER UNMARSHAL ${body} ***&quot;/&gt;
    &lt;log loggingLevel=&quot;INFO&quot; message=&quot;Step 2 - Received cim messages from JAXB bean&quot;/&gt;
    &lt;setHeader headerName=&quot;JMSXGroupID&quot;&gt;
        &lt;constant&gt;Group 1&lt;/constant&gt;
    &lt;/setHeader&gt;
    &lt;process/&gt;
    &lt;log loggingLevel=&quot;INFO&quot; message=&quot;Step 3 - Sending cim messages to queue&quot;/&gt;
    &lt;multicast parallelProcessing=&quot;true&quot;&gt;
        &lt;to uri=&quot;jms:RH.POC.SOURCE.SEQUENCE.REQ&quot;/&gt;
        &lt;to uri=&quot;jms:topic:RH.POC.SOURCE.SEQUENCE.REQ&quot;/&gt;
        &lt;log loggingLevel=&quot;INFO&quot; message=&quot;**************Camel route Completed*************&quot;/&gt;
    &lt;/multicast&gt;
&lt;/route&gt;

&lt;?xml version=&quot;1.0&quot; encoding=&quot;UTF-8&quot; standalone=&quot;yes&quot;?&gt;
&lt;route xmlns=&quot;http://camel.apache.org/schema/spring&quot; customId=&quot;true&quot; id=&quot;producerRoute1&quot;&gt;
    &lt;description&gt;Producer Route Sequencing POC&lt;/description&gt;
    &lt;from uri=&quot;direct:start&quot;/&gt;
    &lt;setHeader headerName=&quot;service&quot;&gt;
        &lt;simple&gt;producerRoute&lt;/simple&gt;
    &lt;/setHeader&gt;
    &lt;log loggingLevel=&quot;INFO&quot; message=&quot;Step 1 - Received in route and routing to JAXB bean&quot;/&gt;
    &lt;log customId=&quot;true&quot; id=&quot;LOG_PAYLOAD&quot; loggingLevel=&quot;INFO&quot; message=&quot;*** UNMARSHAL ${body} ***&quot;/&gt;
    &lt;process customId=&quot;true&quot; id=&quot;transform&quot;/&gt;
    &lt;log customId=&quot;true&quot; id=&quot;LOG_PAYLOAD&quot; loggingLevel=&quot;INFO&quot; message=&quot;*** BODY AFTER UNMARSHAL ${body} ***&quot;/&gt;
    &lt;log loggingLevel=&quot;INFO&quot; message=&quot;Step 2 - Received cim messages from JAXB bean&quot;/&gt;
    &lt;setHeader headerName=&quot;JMSXGroupID&quot;&gt;
        &lt;constant&gt;Group 1&lt;/constant&gt;
    &lt;/setHeader&gt;
    &lt;process/&gt;
    &lt;log loggingLevel=&quot;INFO&quot; message=&quot;Step 3 - Sending cim messages to queue&quot;/&gt;
    &lt;multicast parallelProcessing=&quot;true&quot;&gt;
        &lt;pipeline&gt;
            &lt;to pattern=&quot;InOnly&quot; uri=&quot;mock:jms&quot;/&gt;
        &lt;/pipeline&gt;
        &lt;pipeline&gt;
            &lt;to pattern=&quot;InOnly&quot; uri=&quot;mock:jms&quot;/&gt;
        &lt;/pipeline&gt;
        &lt;log loggingLevel=&quot;INFO&quot; message=&quot;**************Camel route Completed*************&quot;/&gt;
    &lt;/multicast&gt;
&lt;/route&gt;

19:40:33.460 [main] INFO  o.a.camel.spring.SpringCamelContext - Apache Camel 2.21.0.fuse-710018-redhat-00001 (CamelContext: MyCamel) is starting
19:40:33.460 [main] INFO  o.a.c.m.ManagedManagementStrategy - JMX is enabled
19:40:33.616 [main] INFO  o.a.c.i.InterceptSendToMockEndpointStrategy - Adviced endpoint [direct://start] with mock endpoint [mock:direct:start]
19:40:33.749 [main] INFO  o.a.camel.spring.SpringCamelContext - StreamCaching is not in use. If using streams then its recommended to enable stream caching. See more details at http://camel.apache.org/stream-caching.html
19:40:33.817 [main] INFO  o.a.camel.spring.SpringCamelContext - Route: producerRoute1 started and consuming from: direct://start
19:40:33.817 [main] INFO  o.a.camel.spring.SpringCamelContext - Total 1 routes, of which 1 are started
19:40:33.817 [main] INFO  o.a.camel.spring.SpringCamelContext - Apache Camel 2.21.0.fuse-710018-redhat-00001 (CamelContext: MyCamel) started in 0.357 seconds
19:40:33.840 [main] INFO  producerRoute1 - Step 1 - Received in route and routing to JAXB bean
19:40:33.840 [main] INFO  producerRoute1 - *** UNMARSHAL  ***
19:40:36.504 [main] ERROR o.a.c.processor.DefaultErrorHandler - Failed delivery for (MessageId: ID-pvergilislap-1539819630659-0-2 on ExchangeId: ID-pvergilislap-1539819630659-0-1). Exhausted after delivery attempt: 1 caught: javax.xml.bind.UnmarshalException
 - with linked exception:
[org.xml.sax.SAXParseException; lineNumber: 1; columnNumber: 1; Premature end of file.]

Message History
---------------------------------------------------------------------------------------------------------------------------------------
RouteId              ProcessorId          Processor                                                                        Elapsed (ms)
[producerRoute1    ] [producerRoute1    ] [direct://start                                                                ] [      2671]
[producerRoute1    ] [setHeader1        ] [setHeader[service]                                                            ] [         2]
[producerRoute1    ] [log1              ] [log                                                                           ] [         1]
[producerRoute1    ] [LOG_PAYLOAD       ] [log                                                                           ] [         0]
[producerRoute1    ] [transform         ] [Processor@0x9cb927e                                                           ] [      2660]

Stacktrace
---------------------------------------------------------------------------------------------------------------------------------------
javax.xml.bind.UnmarshalException: null
	at javax.xml.bind.helpers.AbstractUnmarshallerImpl.createUnmarshalException(AbstractUnmarshallerImpl.java:335)
	at com.sun.xml.bind.v2.runtime.unmarshaller.UnmarshallerImpl.createUnmarshalException(UnmarshallerImpl.java:578)
	at com.sun.xml.bind.v2.runtime.unmarshaller.UnmarshallerImpl.unmarshal0(UnmarshallerImpl.java:264)
	at com.sun.xml.bind.v2.runtime.unmarshaller.UnmarshallerImpl.unmarshal(UnmarshallerImpl.java:229)
	at javax.xml.bind.helpers.AbstractUnmarshallerImpl.unmarshal(AbstractUnmarshallerImpl.java:157)
	at javax.xml.bind.helpers.AbstractUnmarshallerImpl.unmarshal(AbstractUnmarshallerImpl.java:125)
	at org.mycompany.ParseXMLtoObject.xmlToObject(ParseXMLtoObject.java:51)
	at org.mycompany.ParseXMLtoObject.process(ParseXMLtoObject.java:36)
	at org.apache.camel.processor.DelegateSyncProcessor.process(DelegateSyncProcessor.java:63)
	at org.apache.camel.processor.RedeliveryErrorHandler.process(RedeliveryErrorHandler.java:548)
	at org.apache.camel.processor.CamelInternalProcessor.process(CamelInternalProcessor.java:201)
	at org.apache.camel.processor.Pipeline.process(Pipeline.java:138)
	at org.apache.camel.processor.Pipeline.process(Pipeline.java:101)
	at org.apache.camel.processor.CamelInternalProcessor.process(CamelInternalProcessor.java:201)
	at org.apache.camel.component.direct.DirectBlockingProducer.process(DirectBlockingProducer.java:53)
	at org.apache.camel.impl.InterceptSendToEndpointProcessor.process(InterceptSendToEndpointProcessor.java:112)
	at org.apache.camel.processor.SharedCamelInternalProcessor.process(SharedCamelInternalProcessor.java:186)
	at org.apache.camel.processor.SharedCamelInternalProcessor.process(SharedCamelInternalProcessor.java:86)
	at org.apache.camel.impl.ProducerCache$1.doInProducer(ProducerCache.java:541)
	at org.apache.camel.impl.ProducerCache$1.doInProducer(ProducerCache.java:506)
	at org.apache.camel.impl.ProducerCache.doInProducer(ProducerCache.java:369)
	at org.apache.camel.impl.ProducerCache.sendExchange(ProducerCache.java:506)
	at org.apache.camel.impl.ProducerCache.send(ProducerCache.java:229)
	at org.apache.camel.impl.DefaultProducerTemplate.send(DefaultProducerTemplate.java:144)
	at org.apache.camel.impl.DefaultProducerTemplate.sendBody(DefaultProducerTemplate.java:161)
	at org.apache.camel.impl.DefaultProducerTemplate.sendBody(DefaultProducerTemplate.java:168)
	at org.mycompany.ProducerRouteTest.testSendFilesWithJMSGroupIDAndSequence(ProducerRouteTest.java:57)
	at sun.reflect.NativeMethodAccessorImpl.invoke0(Native Method)
	at sun.reflect.NativeMethodAccessorImpl.invoke(NativeMethodAccessorImpl.java:62)
	at sun.reflect.DelegatingMethodAccessorImpl.invoke(DelegatingMethodAccessorImpl.java:43)
	at java.lang.reflect.Method.invoke(Method.java:498)
	at org.junit.runners.model.FrameworkMethod$1.runReflectiveCall(FrameworkMethod.java:50)
	at org.junit.internal.runners.model.ReflectiveCallable.run(ReflectiveCallable.java:12)
	at org.junit.runners.model.FrameworkMethod.invokeExplosively(FrameworkMethod.java:47)
	at org.junit.internal.runners.statements.InvokeMethod.evaluate(InvokeMethod.java:17)
	at org.junit.internal.runners.statements.RunBefores.evaluate(RunBefores.java:26)
	at org.springframework.test.context.junit4.statements.RunBeforeTestMethodCallbacks.evaluate(RunBeforeTestMethodCallbacks.java:75)
	at org.junit.internal.runners.statements.RunAfters.evaluate(RunAfters.java:27)
	at org.springframework.test.context.junit4.statements.RunAfterTestMethodCallbacks.evaluate(RunAfterTestMethodCallbacks.java:86)
	at org.junit.rules.TestWatcher$1.evaluate(TestWatcher.java:55)
	at org.junit.rules.TestWatcher$1.evaluate(TestWatcher.java:55)
	at org.junit.rules.RunRules.evaluate(RunRules.java:20)
	at org.springframework.test.context.junit4.statements.SpringRepeat.evaluate(SpringRepeat.java:84)
	at org.junit.runners.ParentRunner.runLeaf(ParentRunner.java:325)
	at org.springframework.test.context.junit4.SpringJUnit4ClassRunner.runChild(SpringJUnit4ClassRunner.java:252)
	at org.springframework.test.context.junit4.SpringJUnit4ClassRunner.runChild(SpringJUnit4ClassRunner.java:94)
	at org.junit.runners.ParentRunner$3.run(ParentRunner.java:290)
	at org.junit.runners.ParentRunner$1.schedule(ParentRunner.java:71)
	at org.junit.runners.ParentRunner.runChildren(ParentRunner.java:288)
	at org.junit.runners.ParentRunner.access$000(ParentRunner.java:58)
	at org.junit.runners.ParentRunner$2.evaluate(ParentRunner.java:268)
	at org.springframework.test.context.junit4.statements.RunBeforeTestClassCallbacks.evaluate(RunBeforeTestClassCallbacks.java:61)
	at org.junit.internal.runners.statements.RunAfters.evaluate(RunAfters.java:27)
	at org.springframework.test.context.junit4.statements.RunAfterTestClassCallbacks.evaluate(RunAfterTestClassCallbacks.java:70)
	at org.junit.runners.ParentRunner.run(ParentRunner.java:363)
	at org.springframework.test.context.junit4.SpringJUnit4ClassRunner.run(SpringJUnit4ClassRunner.java:191)
	at org.apache.maven.surefire.junit4.JUnit4Provider.execute(JUnit4Provider.java:252)
	at org.apache.maven.surefire.junit4.JUnit4Provider.executeTestSet(JUnit4Provider.java:141)
	at org.apache.maven.surefire.junit4.JUnit4Provider.invoke(JUnit4Provider.java:112)
	at sun.reflect.NativeMethodAccessorImpl.invoke0(Native Method)
	at sun.reflect.NativeMethodAccessorImpl.invoke(NativeMethodAccessorImpl.java:62)
	at sun.reflect.DelegatingMethodAccessorImpl.invoke(DelegatingMethodAccessorImpl.java:43)
	at java.lang.reflect.Method.invoke(Method.java:498)
	at org.apache.maven.surefire.util.ReflectionUtils.invokeMethodWithArray(ReflectionUtils.java:189)
	at org.apache.maven.surefire.booter.ProviderFactory$ProviderProxy.invoke(ProviderFactory.java:165)
	at org.apache.maven.surefire.booter.ProviderFactory.invokeProvider(ProviderFactory.java:85)
	at org.apache.maven.surefire.booter.ForkedBooter.runSuitesInProcess(ForkedBooter.java:115)
	at org.apache.maven.surefire.booter.ForkedBooter.main(ForkedBooter.java:75)
Caused by: org.xml.sax.SAXParseException: Premature end of file.
	at com.sun.org.apache.xerces.internal.util.ErrorHandlerWrapper.createSAXParseException(ErrorHandlerWrapper.java:203)
	at com.sun.org.apache.xerces.internal.util.ErrorHandlerWrapper.fatalError(ErrorHandlerWrapper.java:177)
	at com.sun.org.apache.xerces.internal.impl.XMLErrorReporter.reportError(XMLErrorReporter.java:400)
	at com.sun.org.apache.xerces.internal.impl.XMLErrorReporter.reportError(XMLErrorReporter.java:327)
	at com.sun.org.apache.xerces.internal.impl.XMLScanner.reportFatalError(XMLScanner.java:1472)
	at com.sun.org.apache.xerces.internal.impl.XMLDocumentScannerImpl$PrologDriver.next(XMLDocumentScannerImpl.java:1014)
	at com.sun.org.apache.xerces.internal.impl.XMLDocumentScannerImpl.next(XMLDocumentScannerImpl.java:602)
	at com.sun.org.apache.xerces.internal.impl.XMLNSDocumentScannerImpl.next(XMLNSDocumentScannerImpl.java:112)
	at com.sun.org.apache.xerces.internal.impl.XMLDocumentFragmentScannerImpl.scanDocument(XMLDocumentFragmentScannerImpl.java:505)
	at com.sun.org.apache.xerces.internal.parsers.XML11Configuration.parse(XML11Configuration.java:842)
	at com.sun.org.apache.xerces.internal.parsers.XML11Configuration.parse(XML11Configuration.java:771)
	at com.sun.org.apache.xerces.internal.parsers.XMLParser.parse(XMLParser.java:141)
	at com.sun.org.apache.xerces.internal.parsers.AbstractSAXParser.parse(AbstractSAXParser.java:1213)
	at com.sun.org.apache.xerces.internal.jaxp.SAXParserImpl$JAXPSAXParser.parse(SAXParserImpl.java:643)
	at com.sun.xml.bind.v2.runtime.unmarshaller.UnmarshallerImpl.unmarshal0(UnmarshallerImpl.java:258)
	... 65 common frames omitted
19:40:36.506 [main] INFO  org.mycompany.ProducerRouteTest - ********************************************************************************
19:40:36.506 [main] INFO  org.mycompany.ProducerRouteTest - Testing done: testSendFilesWithJMSGroupIDAndSequence(org.mycompany.ProducerRouteTest)
19:40:36.507 [main] INFO  org.mycompany.ProducerRouteTest - Took: 3.899 seconds (3899 millis)
19:40:36.507 [main] INFO  org.mycompany.ProducerRouteTest - ********************************************************************************
19:40:36.508 [main] INFO  o.a.camel.impl.DefaultCamelContext - Apache Camel 2.21.0.fuse-710018-redhat-00001 (CamelContext: camel-2) is shutting down
19:40:36.525 [main] INFO  o.a.camel.impl.DefaultCamelContext - Apache Camel 2.21.0.fuse-710018-redhat-00001 (CamelContext: camel-2) uptime 3.934 seconds
19:40:36.526 [main] INFO  o.a.camel.impl.DefaultCamelContext - Apache Camel 2.21.0.fuse-710018-redhat-00001 (CamelContext: camel-2) is shutdown in 0.018 seconds
19:40:36.531 [main] INFO  org.mycompany.ProducerRouteTest - ********************************************************************************
19:40:36.531 [main] INFO  org.mycompany.ProducerRouteTest - Testing done: testSendFilesWithJMSGroupIDAndSequence(org.mycompany.ProducerRouteTest)
19:40:36.532 [main] INFO  org.mycompany.ProducerRouteTest - Took: 3.991 seconds (3991 millis)
19:40:36.532 [main] INFO  org.mycompany.ProducerRouteTest - ********************************************************************************
</system-out>
  </testcase>
</testsuite>